Importer Log Report
Project : maplemini.PrjPcb

Section : Analyze Document - C:\Users\zurits\Documents\PAULO\WORK\IEA\maplemini\eaglecad\maplemini.lbr
    Analyzing data of C:\Users\zurits\Documents\PAULO\WORK\IEA\maplemini\eaglecad\maplemini.lbr
    Load settings
    Load layers 92
    Load Library library
    Load Library ""
    Load Packages 1
    Load Symbols 1
    Load DeviceSets 1
EndSection

Section : Analyze Document - C:\Users\zurits\Documents\PAULO\WORK\IEA\maplemini\eaglecad\maplemini.brd
    Analyzing data of C:\Users\zurits\Documents\PAULO\WORK\IEA\maplemini\eaglecad\maplemini.brd
    Load settings
    Load layers 88
    Load Library "SparkFun2"
    Load Packages 4
    Load Library "stm32"
    Load Packages 1
    Load Library "okie"
    Load Packages 2
    Load Library "SparkFun"
    Load Packages 2
    Load Library "SparkFun3"
    Load Packages 4
EndSection

Section : Analyze Document - C:\Users\zurits\Documents\PAULO\WORK\IEA\maplemini\eaglecad\maplemini.sch
    Analyzing data of C:\Users\zurits\Documents\PAULO\WORK\IEA\maplemini\eaglecad\maplemini.sch
    Load settings
    Load layers 88
    Load schematic
    Load Libraries 7
    Load Library "SparkFun2"
    Load Packages 24
    Load Symbols 4
    Load DeviceSets 4
    Load Library "supply2"
    Load Packages 0
    Load Symbols 4
    Load DeviceSets 4
    Load Library "stm32"
    Load Packages 1
    Load Symbols 1
    Load DeviceSets 1
    Load Library "okie"
    Load Packages 2
    Load Symbols 2
    Load DeviceSets 2
    Load Library "SparkFun"
    Load Packages 13
    Load Symbols 4
    Load DeviceSets 4
    Load Library "supply1"
    Load Packages 0
    Load Symbols 1
    Load DeviceSets 1
    Load Library "SparkFun3"
    Load Packages 36
    Load Symbols 5
    Load DeviceSets 5
    Load Attributes 0
    Load Classes 2
    Load Parts 72
    Load Sheets 1
EndSection

Section : Analyze Document - C:\Users\zurits\Documents\PAULO\WORK\IEA\maplemini\eaglecad\maplemini.lbr
    Analyzing data of C:\Users\zurits\Documents\PAULO\WORK\IEA\maplemini\eaglecad\maplemini.lbr
    Load settings
    Load layers 92
    Load Library library
    Load Library ""
    Load Packages 1
    Load Symbols 1
    Load DeviceSets 1
EndSection

Section : Analyze Document - C:\Users\zurits\Documents\PAULO\WORK\IEA\maplemini\eaglecad\maplemini.brd
    Analyzing data of C:\Users\zurits\Documents\PAULO\WORK\IEA\maplemini\eaglecad\maplemini.brd
    Load settings
    Load layers 88
    Load Library "SparkFun2"
    Load Packages 4
    Load Library "stm32"
    Load Packages 1
    Load Library "okie"
    Load Packages 2
    Load Library "SparkFun"
    Load Packages 2
    Load Library "SparkFun3"
    Load Packages 4
EndSection

Section : Analyze Document - C:\Users\zurits\Documents\PAULO\WORK\IEA\maplemini\eaglecad\maplemini.sch
    Analyzing data of C:\Users\zurits\Documents\PAULO\WORK\IEA\maplemini\eaglecad\maplemini.sch
    Load settings
    Load layers 88
    Load schematic
    Load Libraries 7
    Load Library "SparkFun2"
    Load Packages 24
    Load Symbols 4
    Load DeviceSets 4
    Load Library "supply2"
    Load Packages 0
    Load Symbols 4
    Load DeviceSets 4
    Load Library "stm32"
    Load Packages 1
    Load Symbols 1
    Load DeviceSets 1
    Load Library "okie"
    Load Packages 2
    Load Symbols 2
    Load DeviceSets 2
    Load Library "SparkFun"
    Load Packages 13
    Load Symbols 4
    Load DeviceSets 4
    Load Library "supply1"
    Load Packages 0
    Load Symbols 1
    Load DeviceSets 1
    Load Library "SparkFun3"
    Load Packages 36
    Load Symbols 5
    Load DeviceSets 5
    Load Attributes 0
    Load Classes 2
    Load Parts 72
    Load Sheets 1
EndSection
